<?xml version="1.0" encoding="UTF-8"?>
<!-- Generated by org.testng.reporters.JUnitReportReporter -->
<testsuite hostname="Manul-W" failures="0" tests="3" name="util.ExcelDataProvider" time="12.629" errors="0" timestamp="2021-06-02T21:53:33 IST" skipped="0">
  <testcase classname="util.ExcelDataProvider" name="test1" time="5.479"/>
  <system-out/>
  <testcase classname="util.ExcelDataProvider" name="test1" time="3.555"/>
  <system-out/>
  <testcase classname="util.ExcelDataProvider" name="test1" time="3.595"/>
  <system-out/>
</testsuite> <!-- util.ExcelDataProvider -->
