<?xml version="1.0" encoding="UTF-8"?>
<!-- Generated by org.testng.reporters.JUnitReportReporter -->
<testsuite hostname="Manul-W" failures="0" tests="3" name="util.ExcelDataProvider" time="11.205" errors="0" timestamp="2021-06-03T03:49:15 IST" skipped="0">
  <testcase classname="util.ExcelDataProvider" name="test1" time="5.670"/>
  <system-out/>
  <testcase classname="util.ExcelDataProvider" name="test1" time="2.649"/>
  <system-out/>
  <testcase classname="util.ExcelDataProvider" name="test1" time="2.886"/>
  <system-out/>
</testsuite> <!-- util.ExcelDataProvider -->
